<?xml version="1.0" encoding="UTF-8"?>
<testsuite xmlns:xsi="http://www.w3.org/2001/XMLSchema-instance" xsi:noNamespaceSchemaLocation="https://maven.apache.org/surefire/maven-surefire-plugin/xsd/surefire-test-report.xsd" name="com.handson.basic.StudentsControllerTest" time="11.747" tests="4" errors="0" skipped="0" failures="0">
  <properties>
[...]
</properties>
  <testcase name="checkSatFromFilter" classname="com.handson.basic.StudentsControllerTest" time="1.2"/>
  <testcase name="checkSatToFilter" classname="com.handson.basic.StudentsControllerTest" time="0.424"/>
  <testcase name="get10Patients" classname="com.handson.basic.StudentsControllerTest" time="0.549"/>
  <testcase name="checkPictureUpload" classname="com.handson.basic.StudentsControllerTest" time="0.377"/>
</testsuite>